[debug] [2017-11-30T19:53:09.238Z] ----------------------------------------------------------------------
[debug] [2017-11-30T19:53:09.241Z] Command:       /usr/local/bin/node /usr/local/bin/firebase deploy
[debug] [2017-11-30T19:53:09.241Z] CLI Version:   3.15.3
[debug] [2017-11-30T19:53:09.241Z] Platform:      darwin
[debug] [2017-11-30T19:53:09.241Z] Node Version:  v8.4.0
[debug] [2017-11-30T19:53:09.241Z] Time:          Thu Nov 30 2017 12:53:09 GMT-0700 (MST)
[debug] [2017-11-30T19:53:09.241Z] ----------------------------------------------------------------------
[debug] 
[debug] [2017-11-30T19:53:09.255Z] > command requires scopes: ["email","openid","https://www.googleapis.com/auth/cloudplatformprojects.readonly","https://www.googleapis.com/auth/firebase","https://www.googleapis.com/auth/cloud-platform"]
[debug] [2017-11-30T19:53:09.255Z] > authorizing via signed-in user
[debug] [2017-11-30T19:53:09.257Z] >>> HTTP REQUEST GET https://admin.firebase.com/v1/projects/ang-inbox  
 Thu Nov 30 2017 12:53:09 GMT-0700 (MST)
[debug] [2017-11-30T19:53:09.681Z] <<< HTTP RESPONSE 200
[debug] [2017-11-30T19:53:09.683Z] >>> HTTP REQUEST GET https://admin.firebase.com/v1/database/ang-inbox/tokens  
 Thu Nov 30 2017 12:53:09 GMT-0700 (MST)
[debug] [2017-11-30T19:53:10.403Z] <<< HTTP RESPONSE 200
[info] 
[info] === Deploying to 'ang-inbox'...
[info] 
[info] i  deploying hosting
[info] i  hosting: preparing ./ directory for upload...
[debug] [2017-11-30T19:53:10.975Z] >>> HTTP REQUEST PUT https://deploy.firebase.com/v1/hosting/ang-inbox/uploads/-L-DUMERmIe6ZK4m09__?fileCount=96&message=  
 Thu Nov 30 2017 12:53:10 GMT-0700 (MST)
[debug] [2017-11-30T19:53:12.694Z] <<< HTTP RESPONSE 200
[debug] [2017-11-30T19:53:12.695Z] [hosting] .tgz uploaded successfully, waiting for extraction
[info] ✔  hosting: 96 files uploaded successfully
[debug] [2017-11-30T19:53:13.469Z] >>> HTTP REQUEST POST https://deploy.firebase.com/v1/projects/ang-inbox/releases { hosting: 
   { public: './',
     ignore: [ 'firebase.json', '**/.*', '**/node_modules/**' ],
     rewrites: [ [Object] ],
     version: '-L-DUMERmIe6ZK4m09__',
     prefix: '-L-DUMERmIe6ZK4m09__/',
     manifest: [] } } 
 Thu Nov 30 2017 12:53:13 GMT-0700 (MST)
